<?xml version="1.0" encoding="UTF-8"?>
<!-- Generated by org.testng.reporters.JUnitXMLReporter -->
<testsuite ignored="4" hostname="DESKTOP-H7F0JOM" failures="0" tests="2" name="Test21" time="0.141" errors="0" timestamp="2023-05-30T19:42:38 EEST">
  <testcase classname="example_tests.ExceptionTest" name="f2" time="0.023"/>
  <testcase classname="example_tests.ExceptionTest" name="f4" time="0.003"/>
  <testcase classname="example_tests.ExceptionTest" name="f1" time="0.0">
    <ignored/>
  </testcase> <!-- f1 -->
  <testcase classname="example_tests.ExceptionTest" name="f3" time="0.0">
    <ignored/>
  </testcase> <!-- f3 -->
  <testcase classname="example_tests.ExceptionTest" name="f" time="0.0">
    <ignored/>
  </testcase> <!-- f -->
  <testcase classname="example_tests.ExceptionTest" name="f5" time="0.0">
    <ignored/>
  </testcase> <!-- f5 -->
</testsuite> <!-- Test21 -->
