<?xml version="1.0" encoding="UTF-8"?>
<!-- Generated by org.testng.reporters.JUnitXMLReporter -->
<testsuite ignored="0" hostname="DESKTOP-H7F0JOM" failures="0" tests="9" name="Default test" time="0.612" errors="0" timestamp="2023-06-05T18:57:10 EEST">
  <testcase classname="tasks_tests.CreateMatrixTask555Test" name="matrixPascalNegative" time="0.027"/>
  <testcase classname="tasks_tests.CreateMatrixTask555Test" name="matrixPascalOne" time="0.066"/>
  <testcase classname="tasks_tests.CreateMatrixTask555Test" name="matrixPascalZero" time="0.013"/>
  <testcase classname="tasks_tests.CreateMatrixTask555Test" name="matrixPascal_6" time="0.013"/>
  <testcase classname="tasks_tests.CreateMatrixTask555Test" name="matrixPascal_6" time="0.021"/>
  <testcase classname="tasks_tests.CreateMatrixTask555Test" name="matrixPascal_6" time="0.017"/>
  <testcase classname="tasks_tests.CreateMatrixTask555Test" name="matrixPascal_6" time="0.019"/>
  <testcase classname="tasks_tests.CreateMatrixTask555Test" name="matrixPascal_6" time="0.017"/>
  <testcase classname="tasks_tests.CreateMatrixTask555Test" name="matrixPascal_6" time="0.018"/>
</testsuite> <!-- Default test -->
