<?xml version="1.0" encoding="UTF-8"?>
<!-- Generated by org.testng.reporters.JUnitXMLReporter -->
<testsuite ignored="0" hostname="DESKTOP-H7F0JOM" failures="0" tests="5" name="Default test" time="0.162" errors="0" timestamp="2022-05-04T17:33:21 EEST">
  <testcase classname="tasks_tests.CalcQuantityTask178vTest" name="testNumberFigures" time="0.015"/>
  <testcase classname="tasks_tests.CalcQuantityTask178vTest" name="testNumberFigures" time="0.007"/>
  <testcase classname="tasks_tests.CalcQuantityTask178vTest" name="testNumberFigures" time="0.006"/>
  <testcase classname="tasks_tests.CalcQuantityTask178vTest" name="testNumberFigures" time="0.006"/>
  <testcase classname="tasks_tests.CalcQuantityTask178vTest" name="testNumberFigures" time="0.002"/>
</testsuite> <!-- Default test -->
