<?xml version="1.0" encoding="UTF-8"?>
<!-- Generated by org.testng.reporters.JUnitXMLReporter -->
<testsuite ignored="5" hostname="DESKTOP-H7F0JOM" failures="0" tests="27" name="Test11" time="0.363" errors="0" timestamp="2022-05-04T17:15:40 EEST">
  <testcase classname="tasks_tests.SumFingersTask87Test" name="sumNumbersMGreaterN" time="0.012"/>
  <testcase classname="tasks_tests.SumFingersTask87Test" name="sumNumbersNegativeN" time="0.003"/>
  <testcase classname="tasks_tests.SumFingersTask87Test" name="sumNumbersNegativeN1" time="0.003"/>
  <testcase classname="tasks_tests.SumFingersTask87Test" name="sumNumbersNegativeN2" time="0.006"/>
  <testcase classname="tasks_tests.SumFingersTask87Test" name="sumNumbersZeroN" time="0.002"/>
  <testcase classname="tasks_tests.SumFingersTask87Test" name="sumNumbersZeroN1" time="0.003"/>
  <testcase classname="tasks_tests.SumFingersTask87Test" name="testSumNumbers" time="0.005"/>
  <testcase classname="tasks_tests.SumFingersTask87Test" name="testSumNumbers" time="0.001"/>
  <testcase classname="tasks_tests.SumFingersTask87Test" name="testSumNumbers" time="0.002"/>
  <testcase classname="tasks_tests.SumFingersTask87Test" name="testSumNumbersZeroM" time="0.004"/>
  <testcase classname="tasks_tests.SumFingersTask87Test" name="testSumNumbersZeroM" time="0.003"/>
  <testcase classname="tasks_tests.SumFingersTask87Test" name="testSumNumbersZeroM" time="0.005"/>
  <testcase classname="tasks_tests.CreateMatrixTask555Test" name="matrixPascalNegative" time="0.004"/>
  <testcase classname="tasks_tests.CreateMatrixTask555Test" name="matrixPascalOne" time="0.003"/>
  <testcase classname="tasks_tests.CreateMatrixTask555Test" name="matrixPascalZero" time="0.006"/>
  <testcase classname="tasks_tests.CreateMatrixTask555Test" name="matrixPascal_6" time="0.003"/>
  <testcase classname="tasks_tests.CreateMatrixTask555Test" name="matrixPascal_6" time="0.002"/>
  <testcase classname="tasks_tests.CreateMatrixTask555Test" name="matrixPascal_6" time="0.002"/>
  <testcase classname="tasks_tests.CreateMatrixTask555Test" name="matrixPascal_6" time="0.003"/>
  <testcase classname="tasks_tests.CreateMatrixTask555Test" name="matrixPascal_6" time="0.011"/>
  <testcase classname="tasks_tests.CreateMatrixTask555Test" name="matrixPascal_6" time="0.005"/>
  <testcase classname="tasks_tests.CalcQuantityTask178bTest" name="testNumberFigures" time="0.003"/>
  <testcase classname="tasks_tests.CalcQuantityTask178bTest" name="testNumberFigures" time="0.003"/>
  <testcase classname="tasks_tests.CalcQuantityTask178bTest" name="testNumberFigures" time="0.004"/>
  <testcase classname="tasks_tests.CalcQuantityTask178bTest" name="testNumberFigures" time="0.004"/>
  <testcase classname="tasks_tests.CalcQuantityTask178bTest" name="testNumberFigures" time="0.004"/>
  <testcase classname="example_tests.ExceptionTest" name="f" time="0.003"/>
  <testcase classname="example_tests.ExceptionTest" name="f1" time="0.0">
    <ignored/>
  </testcase> <!-- f1 -->
  <testcase classname="example_tests.ExceptionTest" name="f2" time="0.0">
    <ignored/>
  </testcase> <!-- f2 -->
  <testcase classname="example_tests.ExceptionTest" name="f3" time="0.0">
    <ignored/>
  </testcase> <!-- f3 -->
  <testcase classname="example_tests.ExceptionTest" name="f4" time="0.0">
    <ignored/>
  </testcase> <!-- f4 -->
  <testcase classname="example_tests.ExceptionTest" name="f5" time="0.0">
    <ignored/>
  </testcase> <!-- f5 -->
</testsuite> <!-- Test11 -->
