<?xml version="1.0" encoding="UTF-8"?>
<!-- Generated by org.testng.reporters.JUnitXMLReporter -->
<testsuite ignored="0" hostname="DESKTOP-H7F0JOM" failures="0" tests="12" name="Test12" time="0.078" errors="0" timestamp="2022-05-04T17:15:40 EEST">
  <testcase classname="tasks_tests.SumFingersTask87Test" name="sumNumbersMGreaterN" time="0.003"/>
  <testcase classname="tasks_tests.SumFingersTask87Test" name="sumNumbersNegativeN" time="0.001"/>
  <testcase classname="tasks_tests.SumFingersTask87Test" name="sumNumbersNegativeN1" time="0.001"/>
  <testcase classname="tasks_tests.SumFingersTask87Test" name="sumNumbersNegativeN2" time="0.001"/>
  <testcase classname="tasks_tests.SumFingersTask87Test" name="sumNumbersZeroN" time="0.004"/>
  <testcase classname="tasks_tests.SumFingersTask87Test" name="sumNumbersZeroN1" time="0.001"/>
  <testcase classname="tasks_tests.SumFingersTask87Test" name="testSumNumbers" time="0.002"/>
  <testcase classname="tasks_tests.SumFingersTask87Test" name="testSumNumbers" time="0.001"/>
  <testcase classname="tasks_tests.SumFingersTask87Test" name="testSumNumbers" time="0.002"/>
  <testcase classname="tasks_tests.SumFingersTask87Test" name="testSumNumbersZeroM" time="0.002"/>
  <testcase classname="tasks_tests.SumFingersTask87Test" name="testSumNumbersZeroM" time="0.002"/>
  <testcase classname="tasks_tests.SumFingersTask87Test" name="testSumNumbersZeroM" time="0.001"/>
</testsuite> <!-- Test12 -->
