<?xml version="1.0" encoding="UTF-8"?>
<testng-results ignored="0" total="5" passed="5" failed="0" skipped="0">
  <reporter-output>
  </reporter-output>
  <suite started-at="2022-05-04T17:33:21 EEST" name="Default suite" finished-at="2022-05-04T17:33:21 EEST" duration-ms="162">
    <groups>
    </groups>
    <test started-at="2022-05-04T17:33:21 EEST" name="Default test" finished-at="2022-05-04T17:33:21 EEST" duration-ms="162">
      <class name="tasks_tests.CalcQuantityTask178vTest">
        <test-method is-config="true" signature="setUpBeforeClass()[pri:0, instance:tasks_tests.CalcQuantityTask178vTest@74455848]" started-at="2022-05-04T17:33:21 EEST" name="setUpBeforeClass" finished-at="2022-05-04T17:33:21 EEST" duration-ms="16" status="PASS">
          <reporter-output>
          </reporter-output>
        </test-method> <!-- setUpBeforeClass -->
        <test-method signature="testNumberFigures(int,int,int,int,int,int)[pri:0, instance:tasks_tests.CalcQuantityTask178vTest@74455848]" started-at="2022-05-04T17:33:21 EEST" name="testNumberFigures" data-provider="arrayDataProvider" finished-at="2022-05-04T17:33:21 EEST" duration-ms="15" status="PASS">
          <params>
            <param index="0">
              <value>
                <![CDATA[31]]>
              </value>
            </param>
            <param index="1">
              <value>
                <![CDATA[324]]>
              </value>
            </param>
            <param index="2">
              <value>
                <![CDATA[16]]>
              </value>
            </param>
            <param index="3">
              <value>
                <![CDATA[144]]>
              </value>
            </param>
            <param index="4">
              <value>
                <![CDATA[123]]>
              </value>
            </param>
            <param index="5">
              <value>
                <![CDATA[3]]>
              </value>
            </param>
          </params>
          <reporter-output>
          </reporter-output>
        </test-method> <!-- testNumberFigures -->
        <test-method signature="testNumberFigures(int,int,int,int,int,int)[pri:0, instance:tasks_tests.CalcQuantityTask178vTest@74455848]" started-at="2022-05-04T17:33:21 EEST" name="testNumberFigures" data-provider="arrayDataProvider" finished-at="2022-05-04T17:33:21 EEST" duration-ms="7" status="PASS">
          <params>
            <param index="0">
              <value>
                <![CDATA[-31]]>
              </value>
            </param>
            <param index="1">
              <value>
                <![CDATA[15]]>
              </value>
            </param>
            <param index="2">
              <value>
                <![CDATA[18]]>
              </value>
            </param>
            <param index="3">
              <value>
                <![CDATA[31]]>
              </value>
            </param>
            <param index="4">
              <value>
                <![CDATA[123]]>
              </value>
            </param>
            <param index="5">
              <value>
                <![CDATA[0]]>
              </value>
            </param>
          </params>
          <reporter-output>
          </reporter-output>
        </test-method> <!-- testNumberFigures -->
        <test-method signature="testNumberFigures(int,int,int,int,int,int)[pri:0, instance:tasks_tests.CalcQuantityTask178vTest@74455848]" started-at="2022-05-04T17:33:21 EEST" name="testNumberFigures" data-provider="arrayDataProvider" finished-at="2022-05-04T17:33:21 EEST" duration-ms="6" status="PASS">
          <params>
            <param index="0">
              <value>
                <![CDATA[0]]>
              </value>
            </param>
            <param index="1">
              <value>
                <![CDATA[0]]>
              </value>
            </param>
            <param index="2">
              <value>
                <![CDATA[0]]>
              </value>
            </param>
            <param index="3">
              <value>
                <![CDATA[0]]>
              </value>
            </param>
            <param index="4">
              <value>
                <![CDATA[0]]>
              </value>
            </param>
            <param index="5">
              <value>
                <![CDATA[5]]>
              </value>
            </param>
          </params>
          <reporter-output>
          </reporter-output>
        </test-method> <!-- testNumberFigures -->
        <test-method signature="testNumberFigures(int,int,int,int,int,int)[pri:0, instance:tasks_tests.CalcQuantityTask178vTest@74455848]" started-at="2022-05-04T17:33:21 EEST" name="testNumberFigures" data-provider="arrayDataProvider" finished-at="2022-05-04T17:33:21 EEST" duration-ms="6" status="PASS">
          <params>
            <param index="0">
              <value>
                <![CDATA[-1]]>
              </value>
            </param>
            <param index="1">
              <value>
                <![CDATA[-1]]>
              </value>
            </param>
            <param index="2">
              <value>
                <![CDATA[-1]]>
              </value>
            </param>
            <param index="3">
              <value>
                <![CDATA[-1]]>
              </value>
            </param>
            <param index="4">
              <value>
                <![CDATA[-1]]>
              </value>
            </param>
            <param index="5">
              <value>
                <![CDATA[0]]>
              </value>
            </param>
          </params>
          <reporter-output>
          </reporter-output>
        </test-method> <!-- testNumberFigures -->
        <test-method signature="testNumberFigures(int,int,int,int,int,int)[pri:0, instance:tasks_tests.CalcQuantityTask178vTest@74455848]" started-at="2022-05-04T17:33:21 EEST" name="testNumberFigures" data-provider="arrayDataProvider" finished-at="2022-05-04T17:33:21 EEST" duration-ms="2" status="PASS">
          <params>
            <param index="0">
              <value>
                <![CDATA[1]]>
              </value>
            </param>
            <param index="1">
              <value>
                <![CDATA[1]]>
              </value>
            </param>
            <param index="2">
              <value>
                <![CDATA[1]]>
              </value>
            </param>
            <param index="3">
              <value>
                <![CDATA[1]]>
              </value>
            </param>
            <param index="4">
              <value>
                <![CDATA[1]]>
              </value>
            </param>
            <param index="5">
              <value>
                <![CDATA[0]]>
              </value>
            </param>
          </params>
          <reporter-output>
          </reporter-output>
        </test-method> <!-- testNumberFigures -->
      </class> <!-- tasks_tests.CalcQuantityTask178vTest -->
    </test> <!-- Default test -->
  </suite> <!-- Default suite -->
</testng-results>
